<?xml version="1.0" encoding="UTF-8"?>
<!-- Generated by org.testng.reporters.JUnitXMLReporter -->
<testsuite ignored="0" hostname="Maddy.local" failures="1" tests="6" name="Test" time="55.638" errors="0" timestamp="12 Mar 2018 07:39:14 GMT">
  <testcase classname="com.tests.HomePageTest" name="loginTest" time="11.116">
    <skipped/>
  </testcase> <!-- loginTest -->
  <testcase classname="com.tests.HomePageTest" name="loginTest" time="8.116">
    <skipped/>
  </testcase> <!-- loginTest -->
  <testcase classname="com.tests.HomePageTest" name="loginTest" time="7.96">
    <skipped/>
  </testcase> <!-- loginTest -->
  <testcase classname="com.tests.HomePageTest" name="loginTest" time="8.916">
    <failure type="java.lang.AssertionError" message="expected [true] but found [false]">
      <![CDATA[java.lang.AssertionError: expected [true] but found [false]
	at com.tests.HomePageTest.loginTest(HomePageTest.java:27)
... Removed 31 stack frames]]>
    </failure>
  </testcase> <!-- loginTest -->
  <testcase classname="com.tests.HomePageTest" name="logoTest" time="8.528"/>
  <testcase classname="com.tests.HomePageTest2" name="loginTest" time="8.134"/>
</testsuite> <!-- Test -->
